<?xml version="1.0" encoding="UTF-8" ?>
<testsuite tests="5" failures="0" name="seabool.MainTest" time="0.013" errors="0" skipped="1">
  <properties>
[...]
</properties>
  <testcase classname="seabool.MainTest" name="testWordCountSingle" time="0.013"/>
  <testcase classname="seabool.MainTest" name="testWordCountString" time="0"/>
  <testcase classname="seabool.MainTest" name="testWordCountEmpty" time="0"/>
  <testcase classname="seabool.MainTest" name="testWordCountMore" time="0">
    <skipped/>
  </testcase>
  <testcase classname="seabool.MainTest" name="testWordCountNull" time="0"/>
</testsuite>